2023-11-29T06:42:31+00:00 CRITICAL Uncaught TypeError: voku\helper\HtmlDomParser::loadHtml(): Argument #1 ($html) must be of type string, bool given, called in C:\xampp\htdocs\shopping\wp-content\plugins\simply-static\vendor\voku\simple_html_dom\src\voku\helper\HtmlDomParser.php on line 228 and defined in C:\xampp\htdocs\shopping\wp-content\plugins\simply-static\vendor\voku\simple_html_dom\src\voku\helper\HtmlDomParser.php:870
Stack trace:
#0 C:\xampp\htdocs\shopping\wp-content\plugins\simply-static\vendor\voku\simple_html_dom\src\voku\helper\HtmlDomParser.php(228): voku\helper\HtmlDomParser->loadHtml(false, NULL)
#1 C:\xampp\htdocs\shopping\wp-content\plugins\simply-static\src\class-ss-url-extractor.php(337): voku\helper\HtmlDomParser::__callStatic('str_get_html', Array)
#2 C:\xampp\htdocs\shopping\wp-content\plugins\simply-static\src\class-ss-url-extractor.php(179): Simply_Static\Url_Extractor->extract_and_replace_urls_in_html()
#3 C:\xampp\htdocs\shopping\wp-content\plugins\simply-static\src\tasks\class-ss-fetch-urls-task.php(140): Simply_Static\Url_Extractor->extract_and_update_urls()
#4 C:\xampp\htdocs\shopping\wp-content\plugins\simply-static\src\tasks\class-ss-fetch-urls-task.php(108): Simply_Static\Fetch_Urls_Task->handle_200_response(Object(Simply_Static\Page), true, true)
#5 C:\xampp\htdocs\shopping\wp-content\plugins\simply-static\src\class-ss-archive-creation-job.php(146): Simply_Static\Fetch_Urls_Task->perform()
#6 C:\xampp\htdocs\shopping\wp-content\plugins\woocommerce\includes\libraries\wp-background-process.php(301): Simply_Static\Archive_Creation_Job->task('fetch_urls')
#7 C:\xampp\htdocs\shopping\wp-content\plugins\woocommerce\includes\libraries\wp-background-process.php(175): WP_Background_Process->handle()
#8 C:\xampp\htdocs\shopping\wp-includes\class-wp-hook.php(324): WP_Background_Process->maybe_handle('')
#9 C:\xampp\htdocs\shopping\wp-includes\class-wp-hook.php(348): WP_Hook->apply_filters('', Array)
#10 C:\xampp\htdocs\shopping\wp-includes\plugin.php(517): WP_Hook->do_action(Array)
#11 C:\xampp\htdocs\shopping\wp-admin\admin-ajax.php(203): do_action('wp_ajax_nopriv_...')
#12 {main}
  thrown in C:\xampp\htdocs\shopping\wp-content\plugins\simply-static\vendor\voku\simple_html_dom\src\voku\helper\HtmlDomParser.php on line 870

2023-11-29T07:39:06+00:00 CRITICAL Uncaught TypeError: voku\helper\HtmlDomParser::loadHtml(): Argument #1 ($html) must be of type string, bool given, called in C:\xampp\htdocs\shopping\wp-content\plugins\simply-static\vendor\voku\simple_html_dom\src\voku\helper\HtmlDomParser.php on line 228 and defined in C:\xampp\htdocs\shopping\wp-content\plugins\simply-static\vendor\voku\simple_html_dom\src\voku\helper\HtmlDomParser.php:870
Stack trace:
#0 C:\xampp\htdocs\shopping\wp-content\plugins\simply-static\vendor\voku\simple_html_dom\src\voku\helper\HtmlDomParser.php(228): voku\helper\HtmlDomParser->loadHtml(false, NULL)
#1 C:\xampp\htdocs\shopping\wp-content\plugins\simply-static\src\class-ss-url-extractor.php(337): voku\helper\HtmlDomParser::__callStatic('str_get_html', Array)
#2 C:\xampp\htdocs\shopping\wp-content\plugins\simply-static\src\class-ss-url-extractor.php(179): Simply_Static\Url_Extractor->extract_and_replace_urls_in_html()
#3 C:\xampp\htdocs\shopping\wp-content\plugins\simply-static\src\tasks\class-ss-fetch-urls-task.php(140): Simply_Static\Url_Extractor->extract_and_update_urls()
#4 C:\xampp\htdocs\shopping\wp-content\plugins\simply-static\src\tasks\class-ss-fetch-urls-task.php(108): Simply_Static\Fetch_Urls_Task->handle_200_response(Object(Simply_Static\Page), true, true)
#5 C:\xampp\htdocs\shopping\wp-content\plugins\simply-static\src\class-ss-archive-creation-job.php(146): Simply_Static\Fetch_Urls_Task->perform()
#6 C:\xampp\htdocs\shopping\wp-content\plugins\woocommerce\includes\libraries\wp-background-process.php(301): Simply_Static\Archive_Creation_Job->task('fetch_urls')
#7 C:\xampp\htdocs\shopping\wp-content\plugins\woocommerce\includes\libraries\wp-background-process.php(447): WP_Background_Process->handle()
#8 C:\xampp\htdocs\shopping\wp-includes\class-wp-hook.php(324): WP_Background_Process->handle_cron_healthcheck()
#9 C:\xampp\htdocs\shopping\wp-includes\class-wp-hook.php(348): WP_Hook->apply_filters('', Array)
#10 C:\xampp\htdocs\shopping\wp-includes\plugin.php(565): WP_Hook->do_action(Array)
#11 C:\xampp\htdocs\shopping\wp-cron.php(191): do_action_ref_array('wp_archive_crea...', Array)
#12 {main}
  thrown in C:\xampp\htdocs\shopping\wp-content\plugins\simply-static\vendor\voku\simple_html_dom\src\voku\helper\HtmlDomParser.php on line 870

2023-11-29T07:39:09+00:00 CRITICAL Uncaught TypeError: voku\helper\HtmlDomParser::loadHtml(): Argument #1 ($html) must be of type string, bool given, called in C:\xampp\htdocs\shopping\wp-content\plugins\simply-static\vendor\voku\simple_html_dom\src\voku\helper\HtmlDomParser.php on line 228 and defined in C:\xampp\htdocs\shopping\wp-content\plugins\simply-static\vendor\voku\simple_html_dom\src\voku\helper\HtmlDomParser.php:870
Stack trace:
#0 C:\xampp\htdocs\shopping\wp-content\plugins\simply-static\vendor\voku\simple_html_dom\src\voku\helper\HtmlDomParser.php(228): voku\helper\HtmlDomParser->loadHtml(false, NULL)
#1 C:\xampp\htdocs\shopping\wp-content\plugins\simply-static\src\class-ss-url-extractor.php(337): voku\helper\HtmlDomParser::__callStatic('str_get_html', Array)
#2 C:\xampp\htdocs\shopping\wp-content\plugins\simply-static\src\class-ss-url-extractor.php(179): Simply_Static\Url_Extractor->extract_and_replace_urls_in_html()
#3 C:\xampp\htdocs\shopping\wp-content\plugins\simply-static\src\tasks\class-ss-fetch-urls-task.php(140): Simply_Static\Url_Extractor->extract_and_update_urls()
#4 C:\xampp\htdocs\shopping\wp-content\plugins\simply-static\src\tasks\class-ss-fetch-urls-task.php(108): Simply_Static\Fetch_Urls_Task->handle_200_response(Object(Simply_Static\Page), true, true)
#5 C:\xampp\htdocs\shopping\wp-content\plugins\simply-static\src\class-ss-archive-creation-job.php(146): Simply_Static\Fetch_Urls_Task->perform()
#6 C:\xampp\htdocs\shopping\wp-content\plugins\woocommerce\includes\libraries\wp-background-process.php(301): Simply_Static\Archive_Creation_Job->task('fetch_urls')
#7 C:\xampp\htdocs\shopping\wp-content\plugins\woocommerce\includes\libraries\wp-background-process.php(447): WP_Background_Process->handle()
#8 C:\xampp\htdocs\shopping\wp-includes\class-wp-hook.php(324): WP_Background_Process->handle_cron_healthcheck()
#9 C:\xampp\htdocs\shopping\wp-includes\class-wp-hook.php(348): WP_Hook->apply_filters('', Array)
#10 C:\xampp\htdocs\shopping\wp-includes\plugin.php(565): WP_Hook->do_action(Array)
#11 C:\xampp\htdocs\shopping\wp-cron.php(191): do_action_ref_array('wp_archive_crea...', Array)
#12 {main}
  thrown in C:\xampp\htdocs\shopping\wp-content\plugins\simply-static\vendor\voku\simple_html_dom\src\voku\helper\HtmlDomParser.php on line 870

2023-11-29T07:39:19+00:00 CRITICAL Uncaught TypeError: voku\helper\HtmlDomParser::loadHtml(): Argument #1 ($html) must be of type string, bool given, called in C:\xampp\htdocs\shopping\wp-content\plugins\simply-static\vendor\voku\simple_html_dom\src\voku\helper\HtmlDomParser.php on line 228 and defined in C:\xampp\htdocs\shopping\wp-content\plugins\simply-static\vendor\voku\simple_html_dom\src\voku\helper\HtmlDomParser.php:870
Stack trace:
#0 C:\xampp\htdocs\shopping\wp-content\plugins\simply-static\vendor\voku\simple_html_dom\src\voku\helper\HtmlDomParser.php(228): voku\helper\HtmlDomParser->loadHtml(false, NULL)
#1 C:\xampp\htdocs\shopping\wp-content\plugins\simply-static\src\class-ss-url-extractor.php(337): voku\helper\HtmlDomParser::__callStatic('str_get_html', Array)
#2 C:\xampp\htdocs\shopping\wp-content\plugins\simply-static\src\class-ss-url-extractor.php(179): Simply_Static\Url_Extractor->extract_and_replace_urls_in_html()
#3 C:\xampp\htdocs\shopping\wp-content\plugins\simply-static\src\tasks\class-ss-fetch-urls-task.php(140): Simply_Static\Url_Extractor->extract_and_update_urls()
#4 C:\xampp\htdocs\shopping\wp-content\plugins\simply-static\src\tasks\class-ss-fetch-urls-task.php(108): Simply_Static\Fetch_Urls_Task->handle_200_response(Object(Simply_Static\Page), true, true)
#5 C:\xampp\htdocs\shopping\wp-content\plugins\simply-static\src\class-ss-archive-creation-job.php(146): Simply_Static\Fetch_Urls_Task->perform()
#6 C:\xampp\htdocs\shopping\wp-content\plugins\woocommerce\includes\libraries\wp-background-process.php(301): Simply_Static\Archive_Creation_Job->task('fetch_urls')
#7 C:\xampp\htdocs\shopping\wp-content\plugins\woocommerce\includes\libraries\wp-background-process.php(447): WP_Background_Process->handle()
#8 C:\xampp\htdocs\shopping\wp-includes\class-wp-hook.php(324): WP_Background_Process->handle_cron_healthcheck()
#9 C:\xampp\htdocs\shopping\wp-includes\class-wp-hook.php(348): WP_Hook->apply_filters('', Array)
#10 C:\xampp\htdocs\shopping\wp-includes\plugin.php(565): WP_Hook->do_action(Array)
#11 C:\xampp\htdocs\shopping\wp-cron.php(191): do_action_ref_array('wp_archive_crea...', Array)
#12 {main}
  thrown in C:\xampp\htdocs\shopping\wp-content\plugins\simply-static\vendor\voku\simple_html_dom\src\voku\helper\HtmlDomParser.php on line 870

